2020-05-17 16:46:05.811 [main] INFO  cc.akali.edu_service.EduApplication - Starting EduApplication on Dans-Win10 with PID 14420 (E:\Java\IdeaProjects\guli_parent\service\service_edu\target\classes started by dan in E:\Java\IdeaProjects\guli_parent)
2020-05-17 16:46:05.821 [main] INFO  cc.akali.edu_service.EduApplication - The following profiles are active: dev
2020-05-17 16:46:08.820 [main] INFO  o.s.d.r.config.RepositoryConfigurationDelegate - Multiple Spring Data modules found, entering strict repository configuration mode!
2020-05-17 16:46:08.835 [main] INFO  o.s.d.r.config.RepositoryConfigurationDelegate - Bootstrapping Spring Data repositories in DEFAULT mode.
2020-05-17 16:46:08.938 [main] INFO  o.s.d.r.config.RepositoryConfigurationDelegate - Finished Spring Data repository scanning in 31ms. Found 0 repository interfaces.
2020-05-17 16:46:09.864 [main] INFO  o.s.c.s.PostProcessorRegistrationDelegate$BeanPostProcessorChecker - Bean 'org.springframework.transaction.annotation.ProxyTransactionManagementConfiguration' of type [org.springframework.transaction.annotation.ProxyTransactionManagementConfiguration] is not eligible for getting processed by all BeanPostProcessors (for example: not eligible for auto-proxying)
2020-05-17 16:46:11.340 [main] INFO  o.s.boot.web.embedded.tomcat.TomcatWebServer - Tomcat initialized with port(s): 8001 (http)
2020-05-17 16:46:11.430 [main] INFO  org.apache.coyote.http11.Http11NioProtocol - Initializing ProtocolHandler ["http-nio-8001"]
2020-05-17 16:46:11.432 [main] INFO  org.apache.catalina.core.StandardService - Starting service [Tomcat]
2020-05-17 16:46:11.432 [main] INFO  org.apache.catalina.core.StandardEngine - Starting Servlet engine: [Apache Tomcat/9.0.27]
2020-05-17 16:46:11.435 [main] INFO  org.apache.catalina.core.AprLifecycleListener - Loaded APR based Apache Tomcat Native library [1.2.23] using APR version [1.7.0].
2020-05-17 16:46:11.435 [main] INFO  org.apache.catalina.core.AprLifecycleListener - APR capabilities: IPv6 [true], sendfile [true], accept filters [false], random [true].
2020-05-17 16:46:11.437 [main] INFO  org.apache.catalina.core.AprLifecycleListener - APR/OpenSSL configuration: useAprConnector [false], useOpenSSL [true]
2020-05-17 16:46:11.465 [main] INFO  org.apache.catalina.core.AprLifecycleListener - OpenSSL successfully initialized [OpenSSL 1.1.1c  28 May 2019]
2020-05-17 16:46:11.953 [main] INFO  o.a.c.core.ContainerBase.[Tomcat].[localhost].[/] - Initializing Spring embedded WebApplicationContext
2020-05-17 16:46:11.953 [main] INFO  org.springframework.web.context.ContextLoader - Root WebApplicationContext: initialization completed in 5981 ms
2020-05-17 16:46:12.535 [main] INFO  com.zaxxer.hikari.HikariDataSource - HikariPool-1 - Starting...
2020-05-17 16:46:13.090 [main] INFO  com.zaxxer.hikari.HikariDataSource - HikariPool-1 - Start completed.
2020-05-17 16:46:14.464 [main] INFO  s.d.s.w.PropertySourcedRequestMappingHandlerMapping - Mapped URL path [/v2/api-docs] onto method [springfox.documentation.swagger2.web.Swagger2Controller#getDocumentation(String, HttpServletRequest)]
2020-05-17 16:46:14.697 [main] INFO  o.s.scheduling.concurrent.ThreadPoolTaskExecutor - Initializing ExecutorService 'applicationTaskExecutor'
2020-05-17 16:46:15.964 [main] INFO  s.d.s.web.plugins.DocumentationPluginsBootstrapper - Context refreshed
2020-05-17 16:46:16.002 [main] INFO  s.d.s.web.plugins.DocumentationPluginsBootstrapper - Found 1 custom documentation plugin(s)
2020-05-17 16:46:16.081 [main] INFO  s.d.spring.web.scanners.ApiListingReferenceScanner - Scanning for api listing references
2020-05-17 16:46:16.483 [main] INFO  org.apache.coyote.http11.Http11NioProtocol - Starting ProtocolHandler ["http-nio-8001"]
2020-05-17 16:46:16.527 [main] INFO  o.s.boot.web.embedded.tomcat.TomcatWebServer - Tomcat started on port(s): 8001 (http) with context path ''
2020-05-17 16:46:16.533 [main] INFO  cc.akali.edu_service.EduApplication - Started EduApplication in 13.372 seconds (JVM running for 20.978)
2020-05-17 16:46:25.282 [http-nio-8001-exec-1] INFO  o.a.c.core.ContainerBase.[Tomcat].[localhost].[/] - Initializing Spring DispatcherServlet 'dispatcherServlet'
2020-05-17 16:46:25.282 [http-nio-8001-exec-1] INFO  org.springframework.web.servlet.DispatcherServlet - Initializing Servlet 'dispatcherServlet'
2020-05-17 16:46:25.294 [http-nio-8001-exec-1] INFO  org.springframework.web.servlet.DispatcherServlet - Completed initialization in 12 ms
2020-05-17 16:46:34.361 [http-nio-8001-exec-4] INFO  c.a.s.exceptionhandler.MyExceptionHandler - 
2020-05-17 16:47:28.962 [http-nio-8001-exec-10] INFO  o.s.d.r.config.RepositoryConfigurationDelegate - Bootstrapping Spring Data repositories in DEFAULT mode.
2020-05-17 16:47:28.976 [http-nio-8001-exec-10] INFO  o.s.d.r.config.RepositoryConfigurationDelegate - Finished Spring Data repository scanning in 13ms. Found 0 repository interfaces.
2020-05-17 16:47:29.420 [http-nio-8001-exec-10] INFO  s.d.s.w.PropertySourcedRequestMappingHandlerMapping - Mapped URL path [/v2/api-docs] onto method [springfox.documentation.swagger2.web.Swagger2Controller#getDocumentation(String, HttpServletRequest)]
2020-05-17 17:36:17.320 [http-nio-8001-exec-8] INFO  o.s.d.r.config.RepositoryConfigurationDelegate - Bootstrapping Spring Data repositories in DEFAULT mode.
2020-05-17 17:36:17.337 [http-nio-8001-exec-8] INFO  o.s.d.r.config.RepositoryConfigurationDelegate - Finished Spring Data repository scanning in 15ms. Found 0 repository interfaces.
2020-05-17 17:36:17.951 [http-nio-8001-exec-8] INFO  s.d.s.w.PropertySourcedRequestMappingHandlerMapping - Mapped URL path [/v2/api-docs] onto method [springfox.documentation.swagger2.web.Swagger2Controller#getDocumentation(String, HttpServletRequest)]
2020-05-17 17:36:44.536 [http-nio-8001-exec-5] INFO  s.d.spring.web.scanners.ApiListingReferenceScanner - Scanning for api listing references
2020-05-17 17:36:44.549 [http-nio-8001-exec-5] INFO  s.d.s.w.r.operation.CachingOperationNameGenerator - Generating unique operation named: infoUsingGET_1
2020-05-17 17:36:44.559 [http-nio-8001-exec-5] INFO  s.d.s.w.r.operation.CachingOperationNameGenerator - Generating unique operation named: loginUsingPOST_1
2020-05-17 17:36:44.579 [http-nio-8001-exec-5] INFO  s.d.s.w.r.operation.CachingOperationNameGenerator - Generating unique operation named: addTeacherUsingPOST_1
2020-05-17 17:36:44.594 [http-nio-8001-exec-5] INFO  s.d.s.w.r.operation.CachingOperationNameGenerator - Generating unique operation named: findAllTeacherUsingGET_1
2020-05-17 17:36:44.606 [http-nio-8001-exec-5] INFO  s.d.s.w.r.operation.CachingOperationNameGenerator - Generating unique operation named: getTeacherUsingGET_1
2020-05-17 17:36:44.621 [http-nio-8001-exec-5] INFO  s.d.s.w.r.operation.CachingOperationNameGenerator - Generating unique operation named: pageListTeacherUsingGET_1
2020-05-17 17:36:44.635 [http-nio-8001-exec-5] INFO  s.d.s.w.r.operation.CachingOperationNameGenerator - Generating unique operation named: pageTeacherConditionUsingPOST_1
2020-05-17 17:36:44.646 [http-nio-8001-exec-5] INFO  s.d.s.w.r.operation.CachingOperationNameGenerator - Generating unique operation named: removeTeacherUsingDELETE_1
2020-05-17 17:36:44.655 [http-nio-8001-exec-5] INFO  s.d.s.w.r.operation.CachingOperationNameGenerator - Generating unique operation named: updateTeacherUsingPOST_1
